Removed Pin From Net: NetName=GND Pin=U?-1
Change Component Designator: OldDesignator=C1_A? NewDesignator=C2
Change Component Designator: OldDesignator=C1_A? NewDesignator=C5
Change Component Designator: OldDesignator=C1_A? NewDesignator=C6
Change Component Designator: OldDesignator=C1_A? NewDesignator=C7
Change Component Designator: OldDesignator=C? NewDesignator=C3
Change Component Designator: OldDesignator=C? NewDesignator=C4
Change Component Designator: OldDesignator=C? NewDesignator=C8
Change Component Designator: OldDesignator=C? NewDesignator=C9
Change Component Designator: OldDesignator=C? NewDesignator=C10
Change Component Designator: OldDesignator=C? NewDesignator=C11
Change Component Designator: OldDesignator=HD? NewDesignator=HD1
Change Component Designator: OldDesignator=IC? NewDesignator=IC1
Change Component Designator: OldDesignator=J? NewDesignator=J1
Change Component Designator: OldDesignator=J? NewDesignator=J2
Change Component Designator: OldDesignator=J? NewDesignator=J3
Change Component Designator: OldDesignator=J? NewDesignator=J4
Change Component Designator: OldDesignator=JP? NewDesignator=JP1
Change Component Designator: OldDesignator=R? NewDesignator=R1
Change Component Designator: OldDesignator=R? NewDesignator=R2
Change Component Designator: OldDesignator=R? NewDesignator=R3
Change Component Designator: OldDesignator=R? NewDesignator=R4
Change Component Designator: OldDesignator=R? NewDesignator=R5
Change Component Designator: OldDesignator=R? NewDesignator=R6
Change Component Designator: OldDesignator=SW? NewDesignator=SW1
Change Component Designator: OldDesignator=SW? NewDesignator=SW2
Change Component Designator: OldDesignator=SW? NewDesignator=SW3
Change Component Designator: OldDesignator=U? NewDesignator=U1
Change Component Designator: OldDesignator=U? NewDesignator=U3
Added Pin To Net: NetName=GND Pin=C9-1
Added Pin To Net: NetName=5v Pin=U3-1
Added Pin To Net: NetName=NetC1_1 Pin=HD1-2
Added Pin To Net: NetName=NetC1_1 Pin=U1-1
Added Net: Name=NetC1_1
Added Pin To Net: NetName=NetC3_2 Pin=C3-2
Added Pin To Net: NetName=NetC3_2 Pin=IC1-9
Added Net: Name=NetC3_2
Added Pin To Net: NetName=NetC4_2 Pin=C4-2
Added Pin To Net: NetName=NetC4_2 Pin=IC1-10
Added Net: Name=NetC4_2
Added Pin To Net: NetName=NetC11_2 Pin=C11-2
Added Pin To Net: NetName=NetC11_2 Pin=R6-1
Added Net: Name=NetC11_2
Added Pin To Net: NetName=NetD1_1 Pin=R2-1
Added Net: Name=NetD1_1
Added Pin To Net: NetName=NetD2_1 Pin=R3-1
Added Net: Name=NetD2_1
Added Member To Class: ClassName=rf433 Member=Component C2 Cap
Added Member To Class: ClassName=rf433 Member=Component C3 103
Added Member To Class: ClassName=rf433 Member=Component C4 103
Added Member To Class: ClassName=rf433 Member=Component C6 Cap
Added Member To Class: ClassName=rf433 Member=Component C7 Cap
Added Member To Class: ClassName=rf433 Member=Component C8 JP3
Added Member To Class: ClassName=rf433 Member=Component C9 Cap
Added Member To Class: ClassName=rf433 Member=Component C11 103
Added Member To Class: ClassName=rf433 Member=Component J2 Connector 4x2
Added Member To Class: ClassName=rf433 Member=Component J3 Jumper 2
Added Member To Class: ClassName=rf433 Member=Component J4 Jumper 3
Added Member To Class: ClassName=rf433 Member=Component R1 10k
Added Member To Class: ClassName=rf433 Member=Component R3 10k
Added Member To Class: ClassName=rf433 Member=Component R4 10k
Added Member To Class: ClassName=rf433 Member=Component R5 10k
Added Member To Class: ClassName=rf433 Member=Component R6 1k
Added Member To Class: ClassName=rf433 Member=Component SW2 SW
Added Member To Class: ClassName=rf433 Member=Component SW3 SW
Added Member To Class: ClassName=rf433 Member=Component U3 LM35
