Added Component: Designator=*(JP5)
Added Component: Designator=C1_A?(C3MM)
Add component (AddParameter): Name = "LatestRevisionDate"; Value = "17-Jul-2002"; VariantName = "[No Variations]"
Add component (AddParameter): Name = "LatestRevisionNote"; Value = "Re-released for DXP Platform."; VariantName = "[No Variations]"
Add component (AddParameter): Name = "PackageReference"; Value = "RAD-0.3"; VariantName = "[No Variations]"
Add component (AddParameter): Name = "Published"; Value = "8-Jun-2000"; VariantName = "[No Variations]"
Add component (AddParameter): Name = "Publisher"; Value = "Altium Limited"; VariantName = "[No Variations]"
Add component (AddParameter): Name = "Value"; Value = "0.1uF"; VariantName = "[No Variations]"
Added Component: Designator=C1_A?(C3MM)
Add component (AddParameter): Name = "LatestRevisionDate"; Value = "17-Jul-2002"; VariantName = "[No Variations]"
Add component (AddParameter): Name = "LatestRevisionNote"; Value = "Re-released for DXP Platform."; VariantName = "[No Variations]"
Add component (AddParameter): Name = "PackageReference"; Value = "RAD-0.3"; VariantName = "[No Variations]"
Add component (AddParameter): Name = "Published"; Value = "8-Jun-2000"; VariantName = "[No Variations]"
Add component (AddParameter): Name = "Publisher"; Value = "Altium Limited"; VariantName = "[No Variations]"
Add component (AddParameter): Name = "Value"; Value = "0.1uF"; VariantName = "[No Variations]"
Added Component: Designator=C1_A?(C3MM)
Add component (AddParameter): Name = "LatestRevisionDate"; Value = "17-Jul-2002"; VariantName = "[No Variations]"
Add component (AddParameter): Name = "LatestRevisionNote"; Value = "Re-released for DXP Platform."; VariantName = "[No Variations]"
Add component (AddParameter): Name = "PackageReference"; Value = "RAD-0.3"; VariantName = "[No Variations]"
Add component (AddParameter): Name = "Published"; Value = "8-Jun-2000"; VariantName = "[No Variations]"
Add component (AddParameter): Name = "Publisher"; Value = "Altium Limited"; VariantName = "[No Variations]"
Add component (AddParameter): Name = "Value"; Value = "0.1uF"; VariantName = "[No Variations]"
Added Component: Designator=C1_A?(C3MM)
Add component (AddParameter): Name = "LatestRevisionDate"; Value = "17-Jul-2002"; VariantName = "[No Variations]"
Add component (AddParameter): Name = "LatestRevisionNote"; Value = "Re-released for DXP Platform."; VariantName = "[No Variations]"
Add component (AddParameter): Name = "PackageReference"; Value = "RAD-0.3"; VariantName = "[No Variations]"
Add component (AddParameter): Name = "Published"; Value = "8-Jun-2000"; VariantName = "[No Variations]"
Add component (AddParameter): Name = "Publisher"; Value = "Altium Limited"; VariantName = "[No Variations]"
Add component (AddParameter): Name = "Value"; Value = "0.1uF"; VariantName = "[No Variations]"
Added Component: Designator=C?(SM-0805)
Add component (AddParameter): Name = "Value"; Value = "103"; VariantName = "[No Variations]"
Added Component: Designator=C?(C3MM)
Add component (AddParameter): Name = "LatestRevisionDate"; Value = "17-Jul-2002"; VariantName = "[No Variations]"
Add component (AddParameter): Name = "LatestRevisionNote"; Value = "Re-released for DXP Platform."; VariantName = "[No Variations]"
Add component (AddParameter): Name = "PackageReference"; Value = "RAD-0.3"; VariantName = "[No Variations]"
Add component (AddParameter): Name = "Published"; Value = "8-Jun-2000"; VariantName = "[No Variations]"
Add component (AddParameter): Name = "Publisher"; Value = "Altium Limited"; VariantName = "[No Variations]"
Add component (AddParameter): Name = "Value"; Value = "0.1uF"; VariantName = "[No Variations]"
Added Component: Designator=C?(JP3-C1T)
Add component (AddParameter): Name = "ComponentLink1 Description"; Value = "Manufacturer"; VariantName = "[No Variations]"
Add component (AddParameter): Name = "ComponentLink1URL"; Value = "http://www.we-online.com"; VariantName = "[No Variations]"
Add component (AddParameter): Name = "ComponentLink2 Description"; Value = "Datasheet"; VariantName = "[No Variations]"
Add component (AddParameter): Name = "ComponentLink2URL"; Value = "http://katalog.we-online.de/em/datasheet/6130xx143121.pdf"; VariantName = "[No Variations]"
Add component (AddParameter): Name = "Created by"; Value = "Karrer Zheng"; VariantName = "[No Variations]"
Add component (AddParameter): Name = "Created Date"; Value = "29 March 2013"; VariantName = "[No Variations]"
Add component (AddParameter): Name = "Manufacturer"; Value = "W¨¹rth Elektronik eiSos GmbH"; VariantName = "[No Variations]"
Add component (AddParameter): Name = "NoPins"; Value = "03"; VariantName = "[No Variations]"
Add component (AddParameter): Name = "partNo"; Value = "613003143121"; VariantName = "[No Variations]"
Added Component: Designator=C?(SM-0805)
Add component (AddParameter): Name = "Value"; Value = "103"; VariantName = "[No Variations]"
Added Component: Designator=C?(SM-0805)
Add component (AddParameter): Name = "Value"; Value = "103"; VariantName = "[No Variations]"
Added Component: Designator=C?(C3MM)
Add component (AddParameter): Name = "LatestRevisionDate"; Value = "17-Jul-2002"; VariantName = "[No Variations]"
Add component (AddParameter): Name = "LatestRevisionNote"; Value = "Re-released for DXP Platform."; VariantName = "[No Variations]"
Add component (AddParameter): Name = "PackageReference"; Value = "RAD-0.3"; VariantName = "[No Variations]"
Add component (AddParameter): Name = "Published"; Value = "8-Jun-2000"; VariantName = "[No Variations]"
Add component (AddParameter): Name = "Publisher"; Value = "Altium Limited"; VariantName = "[No Variations]"
Add component (AddParameter): Name = "Value"; Value = "0.1uF"; VariantName = "[No Variations]"
Added Component: Designator=HD?(HED2)
Add component (AddParameter): Name = "Value"; Value = "Header 2"; VariantName = "[No Variations]"
Added Component: Designator=IC?(DIP28/W0.3)
Add component (AddParameter): Name = "Value"; Value = "ATmega8-L"; VariantName = "[No Variations]"
Added Component: Designator=J?(JP3)
Add component (AddParameter): Name = "Value"; Value = "J3"; VariantName = "[No Variations]"
Added Component: Designator=J?(JP4x2)
Add component (AddParameter): Name = "Value"; Value = "Connector 4x2"; VariantName = "[No Variations]"
Added Component: Designator=J?(jp2h)
Add component (AddParameter): Name = "Value"; Value = "JP 2"; VariantName = "[No Variations]"
Added Component: Designator=J?(JP4x2)
Add component (AddParameter): Name = "Value"; Value = "Connector 4x2"; VariantName = "[No Variations]"
Added Component: Designator=JP?(JP7)
Add component (AddParameter): Name = "Value"; Value = "JP7"; VariantName = "[No Variations]"
Added Component: Designator=R?(R1/8W)
Add component (AddParameter): Name = "Value"; Value = "R1/4W - 1K"; VariantName = "[No Variations]"
Added Component: Designator=R?(R1/4W)
Add component (AddParameter): Name = "Value"; Value = "R1/4W - 1K"; VariantName = "[No Variations]"
Added Component: Designator=R?(R1/8W)
Add component (AddParameter): Name = "Value"; Value = "R1/4W - 1K"; VariantName = "[No Variations]"
Added Component: Designator=R?(R1/8W)
Add component (AddParameter): Name = "Value"; Value = "R1/4W - 1K"; VariantName = "[No Variations]"
Added Component: Designator=R?(R1/8W)
Add component (AddParameter): Name = "Value"; Value = "R1/4W - 1K"; VariantName = "[No Variations]"
Added Component: Designator=R?(R1/8W)
Add component (AddParameter): Name = "Value"; Value = "R1/4W - 1K"; VariantName = "[No Variations]"
Added Component: Designator=SW?(SW2)
Add component (AddParameter): Name = "Value"; Value = "SW chip 2 pin"; VariantName = "[No Variations]"
Added Component: Designator=SW?(SW2)
Add component (AddParameter): Name = "Value"; Value = "SW chip 2 pin"; VariantName = "[No Variations]"
Added Component: Designator=SW?(SW2)
Add component (AddParameter): Name = "Value"; Value = "SW chip 2 pin"; VariantName = "[No Variations]"
Added Component: Designator=U?(TO-220)
Add component (AddParameter): Name = "ComponentLink1Description"; Value = "Digikey Part Link"; VariantName = "[No Variations]"
Add component (AddParameter): Name = "ComponentLink1URL"; Value = ""; VariantName = "[No Variations]"
Add component (AddParameter): Name = "ComponentLink2Description"; Value = "Open Datasheet"; VariantName = "[No Variations]"
Add component (AddParameter): Name = "ComponentLink2URL"; Value = "H:\LIBRARY\LIBRARY.Datasheet\LM7805.pdf"; VariantName = "[No Variations]"
Add component (AddParameter): Name = "Manufacturer"; Value = "Fairchild Semiconductor Corporation"; VariantName = "[No Variations]"
Add component (AddParameter): Name = "Manufacturer P/N"; Value = ""; VariantName = "[No Variations]"
Add component (AddParameter): Name = "Output Current"; Value = "Up to 1A"; VariantName = "[No Variations]"
Add component (AddParameter): Name = "Price"; Value = "2500 VND"; VariantName = "[No Variations]"
Add component (AddParameter): Name = "PSpiceTemplate"; Value = "X^@REFDES %IN %OUT %GND @MODEL"; VariantName = "[No Variations]"
Add component (AddParameter): Name = "Published"; Value = "13-April-2009"; VariantName = "[No Variations]"
Add component (AddParameter): Name = "Publisher"; Value = "Hoang Nguyen"; VariantName = "[No Variations]"
Add component (AddParameter): Name = "Tolerance"; Value = "4 %"; VariantName = "[No Variations]"
Add component (AddParameter): Name = "V out"; Value = "5V"; VariantName = "[No Variations]"
Add component (AddParameter): Name = "Value"; Value = "LM7805CT"; VariantName = "[No Variations]"
Add component (AddParameter): Name = "Vendor"; Value = "Digikey"; VariantName = "[No Variations]"
Add component (AddParameter): Name = "Vendor P/N"; Value = ""; VariantName = "[No Variations]"
Added Component: Designator=U?(QTO-92)
Add component (AddParameter): Name = "Value"; Value = "LM35"; VariantName = "[No Variations]"
Added Pin To Net: NetName=3v3 Pin=C1_A?-2
Added Pin To Net: NetName=3v3 Pin=J?-5
Added Pin To Net: NetName=3v3 Pin=U?-2
Added Net: Name=3v3
Added Pin To Net: NetName=5v Pin=*-5
Added Pin To Net: NetName=5v Pin=C1_A?-2
Added Pin To Net: NetName=5v Pin=C1_A?-2
Added Pin To Net: NetName=5v Pin=C?-1
Added Pin To Net: NetName=5v Pin=IC?-7
Added Pin To Net: NetName=5v Pin=IC?-20
Added Pin To Net: NetName=5v Pin=IC?-21
Added Pin To Net: NetName=5v Pin=J?-3
Added Pin To Net: NetName=5v Pin=J?-5
Added Pin To Net: NetName=5v Pin=JP?-7
Added Pin To Net: NetName=5v Pin=R?-2
Added Pin To Net: NetName=5v Pin=R?-2
Added Pin To Net: NetName=5v Pin=R?-2
Added Pin To Net: NetName=5v Pin=R?-2
Added Pin To Net: NetName=5v Pin=R?-2
Added Pin To Net: NetName=5v Pin=U?-1
Added Pin To Net: NetName=5v Pin=U?-3
Added Pin To Net: NetName=5v Pin=U?-3
Added Net: Name=5v
Added Pin To Net: NetName=CE Pin=IC?-16
Added Pin To Net: NetName=CE Pin=J?-2
Added Net: Name=CE
Added Pin To Net: NetName=CSN Pin=J?-6
Added Net: Name=CSN
Added Pin To Net: NetName=DATA Pin=C?-2
Added Net: Name=DATA
Added Pin To Net: NetName=GND Pin=C1_A?-1
Added Pin To Net: NetName=GND Pin=C1_A?-1
Added Pin To Net: NetName=GND Pin=C1_A?-1
Added Pin To Net: NetName=GND Pin=C1_A?-1
Added Pin To Net: NetName=GND Pin=C?-1
Added Pin To Net: NetName=GND Pin=C?-1
Added Pin To Net: NetName=GND Pin=C?-1
Added Pin To Net: NetName=GND Pin=C?-1
Added Pin To Net: NetName=GND Pin=C?-1
Added Pin To Net: NetName=GND Pin=C?-2
Added Pin To Net: NetName=GND Pin=C?-3
Added Pin To Net: NetName=GND Pin=HD?-1
Added Pin To Net: NetName=GND Pin=IC?-8
Added Pin To Net: NetName=GND Pin=IC?-22
Added Pin To Net: NetName=GND Pin=J?-1
Added Pin To Net: NetName=GND Pin=J?-2
Added Pin To Net: NetName=GND Pin=J?-3
Added Pin To Net: NetName=GND Pin=J?-8
Added Pin To Net: NetName=GND Pin=JP?-6
Added Pin To Net: NetName=GND Pin=SW?-1
Added Pin To Net: NetName=GND Pin=SW?-1
Added Pin To Net: NetName=GND Pin=SW?-1
Added Pin To Net: NetName=GND Pin=U?-1
Added Pin To Net: NetName=GND Pin=U?-2
Added Pin To Net: NetName=GND Pin=U?-3
Added Net: Name=GND
Added Pin To Net: NetName=IRQ Pin=IC?-4
Added Pin To Net: NetName=IRQ Pin=J?-8
Added Net: Name=IRQ
Added Pin To Net: NetName=LED1 Pin=IC?-6
Added Net: Name=LED1
Added Pin To Net: NetName=LED2 Pin=IC?-11
Added Net: Name=LED2
Added Pin To Net: NetName=LM35 Pin=IC?-23
Added Pin To Net: NetName=LM35 Pin=R?-2
Added Pin To Net: NetName=LM35 Pin=U?-2
Added Net: Name=LM35
Added Pin To Net: NetName=LORA_RXD Pin=IC?-3
Added Pin To Net: NetName=LORA_RXD Pin=J?-2
Added Pin To Net: NetName=LORA_RXD Pin=JP?-3
Added Net: Name=LORA_RXD
Added Pin To Net: NetName=LORA_TXD Pin=IC?-2
Added Pin To Net: NetName=LORA_TXD Pin=J?-1
Added Pin To Net: NetName=LORA_TXD Pin=JP?-4
Added Net: Name=LORA_TXD
Added Pin To Net: NetName=M0 Pin=JP?-2
Added Net: Name=M0
Added Pin To Net: NetName=M1 Pin=JP?-1
Added Net: Name=M1
Added Pin To Net: NetName=MISO Pin=*-2
Added Pin To Net: NetName=MISO Pin=IC?-18
Added Pin To Net: NetName=MISO Pin=J?-4
Added Net: Name=MISO
Added Pin To Net: NetName=MOSI Pin=*-3
Added Pin To Net: NetName=MOSI Pin=IC?-17
Added Pin To Net: NetName=MOSI Pin=J?-7
Added Net: Name=MOSI
Added Pin To Net: NetName=Net*_4 Pin=*-4
Added Pin To Net: NetName=Net*_4 Pin=C1_A?-2
Added Pin To Net: NetName=Net*_4 Pin=IC?-1
Added Pin To Net: NetName=Net*_4 Pin=R?-1
Added Pin To Net: NetName=Net*_4 Pin=SW?-2
Added Net: Name=Net*_4
Added Pin To Net: NetName=NetC?_1 Pin=C?-1
Added Pin To Net: NetName=NetC?_1 Pin=HD?-2
Added Pin To Net: NetName=NetC?_1 Pin=U?-1
Added Net: Name=NetC?_1
Added Pin To Net: NetName=NetC?_2 Pin=C?-2
Added Pin To Net: NetName=NetC?_2 Pin=IC?-10
Added Net: Name=NetC?_2
Added Pin To Net: NetName=NetD?_1 Pin=R?-1
Added Net: Name=NetD?_1
Added Pin To Net: NetName=PD6 Pin=C?-2
Added Pin To Net: NetName=PD6 Pin=IC?-12
Added Pin To Net: NetName=PD6 Pin=R?-1
Added Pin To Net: NetName=PD6 Pin=SW?-2
Added Net: Name=PD6
Added Pin To Net: NetName=PD7 Pin=C?-2
Added Pin To Net: NetName=PD7 Pin=IC?-13
Added Pin To Net: NetName=PD7 Pin=R?-1
Added Pin To Net: NetName=PD7 Pin=SW?-2
Added Net: Name=PD7
Added Pin To Net: NetName=RF433_rx Pin=J?-4
Added Net: Name=RF433_rx
Added Pin To Net: NetName=RF433_tx Pin=J?-7
Added Net: Name=RF433_tx
Added Pin To Net: NetName=SCK Pin=*-1
Added Pin To Net: NetName=SCK Pin=IC?-19
Added Pin To Net: NetName=SCK Pin=J?-3
Added Net: Name=SCK
Added Pin To Net: NetName=SCL Pin=IC?-28
Added Pin To Net: NetName=SCL Pin=J?-2
Added Net: Name=SCL
Added Pin To Net: NetName=SDA Pin=IC?-27
Added Pin To Net: NetName=SDA Pin=J?-1
Added Net: Name=SDA
Added Class: Name=rf433
Added Room: Name=rf433
