Removed Pin From Net: NetName=GND Pin=C2-1
Removed Pin From Net: NetName=5v Pin=C8-1
Removed Pin From Net: NetName=5v Pin=J2-3
Removed Pin From Net: NetName=5v Pin=J2-5
Removed Pin From Net: NetName=5v Pin=R7-2
Removed Pin From Net: NetName=NetC1_1 Pin=U1-1
Removed Pin From Net: NetName=GND Pin=U1-2
Removed Pin From Net: NetName=5v Pin=U1-3
Change Component Designator: OldDesignator=C2 NewDesignator=C3
Change Component Designator: OldDesignator=C3 NewDesignator=C4
Change Component Designator: OldDesignator=C4 NewDesignator=C5
Change Component Designator: OldDesignator=C5 NewDesignator=C6
Change Component Designator: OldDesignator=C6 NewDesignator=C7
Change Component Designator: OldDesignator=C7 NewDesignator=C8
Change Component Designator: OldDesignator=C8 NewDesignator=C9
Change Component Designator: OldDesignator=C9 NewDesignator=C10
Change Component Designator: OldDesignator=C10 NewDesignator=C11
Change Component Designator: OldDesignator=C11 NewDesignator=C12
Change Component Designator: OldDesignator=R2 NewDesignator=R3
Change Component Designator: OldDesignator=R3 NewDesignator=R4
Change Component Designator: OldDesignator=R4 NewDesignator=R5
Change Component Designator: OldDesignator=R5 NewDesignator=R6
Change Component Designator: OldDesignator=R6 NewDesignator=R7
Change Component Designator: OldDesignator=R7 NewDesignator=R8
Change Component Designator: OldDesignator=U2 NewDesignator=U1
Change Component Designator: OldDesignator=U3 NewDesignator=U2
Added Component: Designator=C2(CP4/12)
Add component. Clean all parameters for all variants
Add component (AddParameter): Name = "Value"; Value = "220uF/450V"; VariantName = "[No Variations]"
Added Component: Designator=D1(D5A)
Add component. Clean all parameters for all variants
Add component (AddParameter): Name = "Value"; Value = "Diode c?m 1N5408"; VariantName = "[No Variations]"
Added Component: Designator=IC2(TS5B_N)
Add component. Clean all parameters for all variants
Added Component: Designator=L1(L/0.4)
Add component. Clean all parameters for all variants
Add component (AddParameter): Name = "Value"; Value = "150 mH"; VariantName = "[No Variations]"
Added Component: Designator=R2(R1W)
Add component. Clean all parameters for all variants
Add component (AddParameter): Name = "Value"; Value = "R1W - 100"; VariantName = "[No Variations]"
Added Component: Designator=VR1(VR)
Add component. Clean all parameters for all variants
Add component (AddParameter): Name = "Value"; Value = "VR 10K"; VariantName = "[No Variations]"
Added Pin To Net: NetName=5v Pin=C2-1
Added Pin To Net: NetName=GND Pin=C2-2
Added Pin To Net: NetName=GND Pin=D1-1
Added Pin To Net: NetName=NetC1_1 Pin=IC2-1
Added Pin To Net: NetName=GND Pin=IC2-3
Added Pin To Net: NetName=GND Pin=IC2-5
Added Pin To Net: NetName=5v Pin=L1-2
Added Pin To Net: NetName=GND Pin=R2-1
Added Pin To Net: NetName=5v Pin=VR1-1
Change Net Name : Old Net Name=NetC3_2 New Net Name=NetC4_2
Change Net Name : Old Net Name=NetC4_2 New Net Name=NetC5_2
Change Net Name : Old Net Name=NetC5_2 New Net Name=NetC6_2
Change Net Name : Old Net Name=NetC11_2 New Net Name=NetC12_2
Added Pin To Net: NetName=NetD1_2 Pin=D1-2
Added Pin To Net: NetName=NetD1_2 Pin=IC2-2
Added Pin To Net: NetName=NetD1_2 Pin=L1-1
Added Net: Name=NetD1_2
Added Pin To Net: NetName=NetIC2_4 Pin=IC2-4
Added Pin To Net: NetName=NetIC2_4 Pin=R2-2
Added Pin To Net: NetName=NetIC2_4 Pin=VR1-2
Added Pin To Net: NetName=NetIC2_4 Pin=VR1-3
Added Net: Name=NetIC2_4
Added Pin To Net: NetName=VCC Pin=C9-1
Added Pin To Net: NetName=VCC Pin=J2-3
Added Pin To Net: NetName=VCC Pin=J2-5
Added Pin To Net: NetName=VCC Pin=R8-2
Added Net: Name=VCC
Added Member To Class: ClassName=rf433 Member=Component C12 100pF
Added Member To Class: ClassName=rf433 Member=Component D1 1N5822
Added Member To Class: ClassName=rf433 Member=Component IC2 LM2576
Added Member To Class: ClassName=rf433 Member=Component L1 100mH
Added Member To Class: ClassName=rf433 Member=Component R8 4.7k
Added Member To Class: ClassName=rf433 Member=Component VR1 10K
Added Room: Name=rf433
